The system is: Linux - 5.15.0-97-generic - x86_64
Compiling the C compiler identification source file "CMakeCCompilerId.c" succeeded.
Compiler: /usr/bin/cc 
Build flags: 
Id flags:  

The output was:
0


Compilation of the C compiler identification source "CMakeCCompilerId.c" produced "a.out"

The C compiler identification is GNU, found in "/home/lucia/02_Science/lpjguess/code/trunk/cmake-build-debug/CMakeFiles/3.21.1/CompilerIdC/a.out"

Compiling the CXX compiler identification source file "CMakeCXXCompilerId.cpp" succeeded.
Compiler: /usr/bin/c++ 
Build flags: 
Id flags:  

The output was:
0


Compilation of the CXX compiler identification source "CMakeCXXCompilerId.cpp" produced "a.out"

The CXX compiler identification is GNU, found in "/home/lucia/02_Science/lpjguess/code/trunk/cmake-build-debug/CMakeFiles/3.21.1/CompilerIdCXX/a.out"

The system is: Linux - 5.15.0-97-generic - x86_64
Compiling the C compiler identification source file "CMakeCCompilerId.c" succeeded.
Compiler: /usr/bin/cc 
Build flags: 
Id flags:  

The output was:
0


Compilation of the C compiler identification source "CMakeCCompilerId.c" produced "a.out"

The C compiler identification is GNU, found in "/home/lucia/02_Science/lpjguess/code/trunk/cmake-build-debug/CMakeFiles/3.21.1/CompilerIdC/a.out"

The system is: Linux - 5.15.0-100-generic - x86_64
Compiling the C compiler identification source file "CMakeCCompilerId.c" succeeded.
Compiler: /usr/bin/cc 
Build flags: 
Id flags:  

The output was:
0


Compilation of the C compiler identification source "CMakeCCompilerId.c" produced "a.out"

The C compiler identification is GNU, found in "/home/lucia/02_Science/lpjguess/code/trunk/cmake-build-debug/CMakeFiles/3.21.1/CompilerIdC/a.out"

